<?xml version="1.0" encoding="UTF-8"?>
<!-- Generated by org.testng.reporters.JUnitReportReporter -->
<testsuite skipped="0" hostname="DESKTOP-GQFH89F" name="test.AddCustomerTest" tests="1" failures="0" timestamp="08 Jun 2021 21:57:31 GMT" time="14.907" errors="0">
  <testcase name="validUserShouldBeAbleToAddCustomer" time="14.907" classname="test.AddCustomerTest"/>
</testsuite> <!-- test.AddCustomerTest -->
