<?xml version="1.0" encoding="UTF-8"?>
<!-- Generated by org.testng.reporters.JUnitReportReporter -->
<testsuite skipped="0" hostname="DESKTOP-GQFH89F" name="test.LoginTest" tests="1" failures="0" timestamp="23 May 2021 18:49:25 GMT" time="5.507" errors="0">
  <testcase name="validUserShouldBeAbleToLogin" time="5.507" classname="test.LoginTest"/>
</testsuite> <!-- test.LoginTest -->
